#
# There is insufficient memory for the Java Runtime Environment to continue.
# Native memory allocation (malloc) failed to allocate 474480640 bytes for committing reserved memory.
# Possible reasons:
#   The system is out of physical RAM or swap space
#   In 32 bit mode, the process size limit was hit
# Possible solutions:
#   Reduce memory load on the system
#   Increase physical memory or swap space
#   Check if swap backing store is full
#   Use 64 bit Java on a 64 bit OS
#   Decrease Java heap size (-Xmx/-Xms)
#   Decrease number of Java threads
#   Decrease Java thread stack sizes (-Xss)
#   Set larger code cache with -XX:ReservedCodeCacheSize=
# This output file may be truncated or incomplete.
#
#  Out of Memory Error (os_linux.cpp:2756), pid=20719, tid=2127235904
#
# JRE version: Java(TM) SE Runtime Environment (7.0_80-b15) (build 1.7.0_80-b15)
# Java VM: Java HotSpot(TM) Server VM (24.80-b11 mixed mode linux-x86 )
# Failed to write core dump. Core dumps have been disabled. To enable core dumping, try "ulimit -c unlimited" before starting Java again
#

---------------  T H R E A D  ---------------

Current thread (0x7f0d6800):  JavaThread "AWT-EventQueue-0" [_thread_in_vm, id=20739, stack(0x7ec60000,0x7ecb1000)]

Stack: [0x7ec60000,0x7ecb1000],  sp=0x7ecaf3dc,  free space=316k
Native frames: (J=compiled Java code, j=interpreted, Vv=VM code, C=native code)
V  [libjvm.so+0x7ea656]  VMError::report_and_die()+0x1a6
V  [libjvm.so+0x33eb82]  report_vm_out_of_memory(char const*, int, unsigned int, char const*)+0x72
V  [libjvm.so+0x687fb1]  os::Linux::commit_memory_impl(char*, unsigned int, bool)+0xe1
V  [libjvm.so+0x688478]  os::pd_commit_memory(char*, unsigned int, unsigned int, bool)+0x28
V  [libjvm.so+0x681b2c]  os::commit_memory(char*, unsigned int, unsigned int, bool)+0x2c
V  [libjvm.so+0x6ea8d8]  PSVirtualSpace::expand_by(unsigned int)+0x48
V  [libjvm.so+0x6dcafe]  PSOldGen::expand_by(unsigned int)+0x2e
V  [libjvm.so+0x6dcd38]  PSOldGen::expand(unsigned int)+0x178
V  [libjvm.so+0x6dcf5b]  PSOldGen::expand_and_allocate(unsigned int)+0x1b
V  [libjvm.so+0x6dd021]  PSOldGen::allocate(unsigned int)+0x81
V  [libjvm.so+0x6a7ff6]  ParallelScavengeHeap::mem_allocate(unsigned int, bool*)+0xb6
V  [libjvm.so+0x7bb28d]  typeArrayKlass::allocate_common(int, bool, Thread*)+0x22d
V  [libjvm.so+0x67a523]  oopFactory::new_typeArray(BasicType, int, Thread*)+0x23
V  [libjvm.so+0x4826f6]  InterpreterRuntime::newarray(JavaThread*, BasicType, int)+0x36
j  KerawaAds.Ads.<init>()V+13
j  KerawaAds.Ads$8.run()V+4
j  java.awt.event.InvocationEvent.dispatch()V+47
j  java.awt.EventQueue.dispatchEventImpl(Ljava/awt/AWTEvent;Ljava/lang/Object;)V+21
j  java.awt.EventQueue.access$300(Ljava/awt/EventQueue;Ljava/awt/AWTEvent;Ljava/lang/Object;)V+3
j  java.awt.EventQueue$3.run()Ljava/lang/Void;+12
j  java.awt.EventQueue$3.run()Ljava/lang/Object;+1
v  ~StubRoutines::call_stub
V  [libjvm.so+0x489435]  JavaCalls::call_helper(JavaValue*, methodHandle*, JavaCallArguments*, Thread*)+0x315
V  [libjvm.so+0x682cd9]  os::os_exception_wrapper(void (*)(JavaValue*, methodHandle*, JavaCallArguments*, Thread*), JavaValue*, methodHandle*, JavaCallArguments*, Thread*)+0x19
V  [libjvm.so+0x4880af]  JavaCalls::call(JavaValue*, methodHandle, JavaCallArguments*, Thread*)+0x2f
V  [libjvm.so+0x5111cd]  JVM_DoPrivileged+0x27d
C  [libjava.so+0x9aba]  Java_java_security_AccessController_doPrivileged__Ljava_security_PrivilegedAction_2Ljava_security_AccessControlContext_2+0x3a
j  java.security.AccessController.doPrivileged(Ljava/security/PrivilegedAction;Ljava/security/AccessControlContext;)Ljava/lang/Object;+0
j  java.security.ProtectionDomain$1.doIntersectionPrivilege(Ljava/security/PrivilegedAction;Ljava/security/AccessControlContext;Ljava/security/AccessControlContext;)Ljava/lang/Object;+28
j  java.awt.EventQueue.dispatchEvent(Ljava/awt/AWTEvent;)V+46
j  java.awt.EventDispatchThread.pumpOneEventForFilters(I)V+245
j  java.awt.EventDispatchThread.pumpEventsForFilter(ILjava/awt/Conditional;Ljava/awt/EventFilter;)V+35
j  java.awt.EventDispatchThread.pumpEventsForHierarchy(ILjava/awt/Conditional;Ljava/awt/Component;)V+11
j  java.awt.EventDispatchThread.pumpEvents(ILjava/awt/Conditional;)V+4
j  java.awt.EventDispatchThread.pumpEvents(Ljava/awt/Conditional;)V+3
j  java.awt.EventDispatchThread.run()V+9
v  ~StubRoutines::call_stub
V  [libjvm.so+0x489435]  JavaCalls::call_helper(JavaValue*, methodHandle*, JavaCallArguments*, Thread*)+0x315
V  [libjvm.so+0x682cd9]  os::os_exception_wrapper(void (*)(JavaValue*, methodHandle*, JavaCallArguments*, Thread*), JavaValue*, methodHandle*, JavaCallArguments*, Thread*)+0x19
V  [libjvm.so+0x4880af]  JavaCalls::call(JavaValue*, methodHandle, JavaCallArguments*, Thread*)+0x2f
V  [libjvm.so+0x4882ea]  JavaCalls::call_virtual(JavaValue*, KlassHandle, Symbol*, Symbol*, JavaCallArguments*, Thread*)+0x10a
V  [libjvm.so+0x48840b]  JavaCalls::call_virtual(JavaValue*, Handle, KlassHandle, Symbol*, Symbol*, Thread*)+0x4b
V  [libjvm.so+0x505389]  thread_entry(JavaThread*, Thread*)+0xd9
V  [libjvm.so+0x7a5be9]  JavaThread::thread_main_inner()+0x109
V  [libjvm.so+0x7a5d43]  JavaThread::run()+0x123
V  [libjvm.so+0x68a249]  java_start(Thread*)+0x119
C  [libpthread.so.0+0x6f70]  start_thread+0xd0

Java frames: (J=compiled Java code, j=interpreted, Vv=VM code)
j  KerawaAds.Ads.<init>()V+13
j  KerawaAds.Ads$8.run()V+4
j  java.awt.event.InvocationEvent.dispatch()V+47
j  java.awt.EventQueue.dispatchEventImpl(Ljava/awt/AWTEvent;Ljava/lang/Object;)V+21
j  java.awt.EventQueue.access$300(Ljava/awt/EventQueue;Ljava/awt/AWTEvent;Ljava/lang/Object;)V+3
j  java.awt.EventQueue$3.run()Ljava/lang/Void;+12
j  java.awt.EventQueue$3.run()Ljava/lang/Object;+1
v  ~StubRoutines::call_stub
j  java.security.AccessController.doPrivileged(Ljava/security/PrivilegedAction;Ljava/security/AccessControlContext;)Ljava/lang/Object;+0
j  java.security.ProtectionDomain$1.doIntersectionPrivilege(Ljava/security/PrivilegedAction;Ljava/security/AccessControlContext;Ljava/security/AccessControlContext;)Ljava/lang/Object;+28
j  java.awt.EventQueue.dispatchEvent(Ljava/awt/AWTEvent;)V+46
j  java.awt.EventDispatchThread.pumpOneEventForFilters(I)V+245
j  java.awt.EventDispatchThread.pumpEventsForFilter(ILjava/awt/Conditional;Ljava/awt/EventFilter;)V+35
j  java.awt.EventDispatchThread.pumpEventsForHierarchy(ILjava/awt/Conditional;Ljava/awt/Component;)V+11
j  java.awt.EventDispatchThread.pumpEvents(ILjava/awt/Conditional;)V+4
j  java.awt.EventDispatchThread.pumpEvents(Ljava/awt/Conditional;)V+3
j  java.awt.EventDispatchThread.run()V+9
v  ~StubRoutines::call_stub

---------------  P R O C E S S  ---------------

Java Threads: ( => current thread )
  0xb6607400 JavaThread "DestroyJavaVM" [_thread_blocked, id=20723, stack(0xb6795000,0xb67e6000)]
=>0x7f0d6800 JavaThread "AWT-EventQueue-0" [_thread_in_vm, id=20739, stack(0x7ec60000,0x7ecb1000)]
  0x7f0d6000 JavaThread "AWT-Shutdown" [_thread_blocked, id=20738, stack(0x7ecb1000,0x7ed02000)]
  0x7f07a000 JavaThread "AWT-XAWT" daemon [_thread_in_native, id=20737, stack(0x7ed79000,0x7edca000)]
  0x7f065c00 JavaThread "Java2D Disposer" daemon [_thread_blocked, id=20736, stack(0x7edca000,0x7ee1b000)]
  0x7f89b400 JavaThread "Service Thread" daemon [_thread_blocked, id=20734, stack(0x7f20b000,0x7f25c000)]
  0x7f899800 JavaThread "C2 CompilerThread1" daemon [_thread_blocked, id=20733, stack(0x7f25c000,0x7f2dd000)]
  0x7f897800 JavaThread "C2 CompilerThread0" daemon [_thread_blocked, id=20732, stack(0x7f2dd000,0x7f35e000)]
  0x7f895c00 JavaThread "Signal Dispatcher" daemon [_thread_blocked, id=20731, stack(0x7f35e000,0x7f3af000)]
  0x7f885400 JavaThread "Finalizer" daemon [_thread_blocked, id=20730, stack(0x7f5af000,0x7f600000)]
  0x7f883c00 JavaThread "Reference Handler" daemon [_thread_blocked, id=20729, stack(0x8182e000,0x8187f000)]

Other Threads:
  0x7f881400 VMThread [stack: 0x7f90b000,0x7f98c000] [id=20728]
  0x7f89d800 WatcherThread [stack: 0x7f18a000,0x7f20b000] [id=20735]

VM state:not at safepoint (normal execution)

VM Mutex/Monitor currently owned by a thread:  ([mutex/lock_event])
[0xb6604680] ExpandHeap_lock - owner thread: 0x7f0d6800
[0xb6604fd8] Heap_lock - owner thread: 0x7f0d6800

Heap
 PSYoungGen      total 13824K, used 3618K [0xa43c0000, 0xa5300000, 0xb3540000)
  eden space 12032K, 30% used [0xa43c0000,0xa4748b28,0xa4f80000)
  from space 1792K, 0% used [0xa5140000,0xa5140000,0xa5300000)
  to   space 1792K, 0% used [0xa4f80000,0xa4f80000,0xa5140000)
 ParOldGen       total 30720K, used 0K [0x86140000, 0x87f40000, 0xa43c0000)
  object space 30720K, 0% used [0x86140000,0x86140000,0x87f40000)
 PSPermGen       total 16384K, used 5885K [0x82140000, 0x83140000, 0x86140000)
  object space 16384K, 35% used [0x82140000,0x826ff6b8,0x83140000)

Card table byte_map: [0x81fb5000,0x82140000] byte_map_base: 0x81ba4600

Polling page: 0xb7729000

Code Cache  [0xb3600000, 0xb3840000, 0xb6600000)
 total_blobs=229 nmethods=17 adapters=167 free_code_cache=48793Kb largest_free_block=49945536

Compilation events (10 events):
Event: 1.658 Thread 0x7f899800   13             java.util.HashMap::indexFor (6 bytes)
Event: 1.659 Thread 0x7f899800 nmethod 13 0xb365a008 code [0xb365a0e0, 0xb365a110]
Event: 1.661 Thread 0x7f897800   14             java.lang.String::length (6 bytes)
Event: 1.662 Thread 0x7f897800 nmethod 14 0xb3659e48 code [0xb3659f40, 0xb3659f90]
Event: 1.667 Thread 0x7f899800   15             javax.swing.plaf.nimbus.NimbusLookAndFeel::parsePrefix (74 bytes)
Event: 1.667 Thread 0x7f897800   16             java.lang.Math::min (11 bytes)
Event: 1.668 Thread 0x7f897800 nmethod 16 0xb3659d08 code [0xb3659de0, 0xb3659e10]
Event: 1.670 Thread 0x7f897800   17             java.util.HashMap::transfer (115 bytes)
Event: 1.676 Thread 0x7f899800 nmethod 15 0xb3656e88 code [0xb3656fa0, 0xb365727c]
Event: 1.677 Thread 0x7f897800 nmethod 17 0xb3656a88 code [0xb3656b80, 0xb3656cf0]

GC Heap History (0 events):
No events

Deoptimization events (2 events):
Event: 0.863 Thread 0xb6607400 Uncommon trap: reason=unstable_if action=reinterpret pc=0xb3657eec method=java.util.Properties$LineReader.readLine()I @ 369
Event: 1.606 Thread 0x7f0d6800 Uncommon trap: reason=unstable_if action=reinterpret pc=0xb3652ba8 method=java.lang.String.indexOf(II)I @ 17

Internal exceptions (10 events):
Event: 1.510 Thread 0xb6607400 Threw 0xa463b578 at /HUDSON/workspace/7u-2-build-linux-i586/jdk7u80/2329/hotspot/src/share/vm/classfile/systemDictionary.cpp:185
Event: 1.510 Thread 0xb6607400 Threw 0xa463b8a8 at /HUDSON/workspace/7u-2-build-linux-i586/jdk7u80/2329/hotspot/src/share/vm/classfile/systemDictionary.cpp:185
Event: 1.510 Thread 0xb6607400 Threw 0xa463bc20 at /HUDSON/workspace/7u-2-build-linux-i586/jdk7u80/2329/hotspot/src/share/vm/classfile/systemDictionary.cpp:185
Event: 1.511 Thread 0xb6607400 Threw 0xa463c3d0 at /HUDSON/workspace/7u-2-build-linux-i586/jdk7u80/2329/hotspot/src/share/vm/classfile/systemDictionary.cpp:185
Event: 1.517 Thread 0xb6607400 Threw 0xa463cd60 at /HUDSON/workspace/7u-2-build-linux-i586/jdk7u80/2329/hotspot/src/share/vm/classfile/systemDictionary.cpp:185
Event: 1.518 Thread 0xb6607400 Threw 0xa463d340 at /HUDSON/workspace/7u-2-build-linux-i586/jdk7u80/2329/hotspot/src/share/vm/classfile/systemDictionary.cpp:185
Event: 1.518 Thread 0xb6607400 Threw 0xa463d5a0 at /HUDSON/workspace/7u-2-build-linux-i586/jdk7u80/2329/hotspot/src/share/vm/classfile/systemDictionary.cpp:185
Event: 1.518 Thread 0xb6607400 Threw 0xa463d908 at /HUDSON/workspace/7u-2-build-linux-i586/jdk7u80/2329/hotspot/src/share/vm/classfile/systemDictionary.cpp:185
Event: 1.519 Thread 0xb6607400 Threw 0xa463e390 at /HUDSON/workspace/7u-2-build-linux-i586/jdk7u80/2329/hotspot/src/share/vm/classfile/systemDictionary.cpp:185
Event: 1.568 Thread 0xb6607400 Threw 0xa468ca20 at /HUDSON/workspace/7u-2-build-linux-i586/jdk7u80/2329/hotspot/src/share/vm/prims/jvm.cpp:1319

Events (10 events):
Event: 1.706 loading class 0x7f62ecc8
Event: 1.706 loading class 0x7f62ecc8 done
Event: 1.707 loading class 0x7f8cc2d0
Event: 1.707 loading class 0x7f8cc2d0 done
Event: 1.707 loading class 0x7f65c4a8
Event: 1.708 loading class 0x7f027b48
Event: 1.708 loading class 0x7f0027d0
Event: 1.708 loading class 0x7f0027d0 done
Event: 1.708 loading class 0x7f027b48 done
Event: 1.708 loading class 0x7f65c4a8 done


Dynamic libraries:
08048000-08049000 r-xp 00000000 08:01 2765008    /usr/lib/jvm/java-7-oracle/bin/java
08049000-0804a000 rw-p 00000000 08:01 2765008    /usr/lib/jvm/java-7-oracle/bin/java
09dc4000-09de5000 rw-p 00000000 00:00 0          [heap]
7ebad000-7ebbc000 r--s 00000000 08:01 678046     /var/cache/fontconfig/04aabc0a78ac019cf9454389977116d2-le32d4.cache-4
7ebbc000-7ebcc000 r--s 00000000 08:01 678075     /var/cache/fontconfig/d52a8644073d54c13679302ca1180695-le32d4.cache-4
7ec60000-7ec63000 ---p 00000000 00:00 0 
7ec63000-7ecb1000 rw-p 00000000 00:00 0          [stack:20739]
7ecb1000-7ecb4000 ---p 00000000 00:00 0 
7ecb4000-7ed02000 rw-p 00000000 00:00 0          [stack:20738]
7ed02000-7ed10000 r-xp 00000000 08:01 2895420    /usr/lib/jvm/java-7-oracle/jre/lib/i386/libnio.so
7ed10000-7ed11000 rw-p 0000e000 08:01 2895420    /usr/lib/jvm/java-7-oracle/jre/lib/i386/libnio.so
7ed11000-7ed72000 r-xp 00000000 08:01 2895426    /usr/lib/jvm/java-7-oracle/jre/lib/i386/libfontmanager.so
7ed72000-7ed75000 rw-p 00060000 08:01 2895426    /usr/lib/jvm/java-7-oracle/jre/lib/i386/libfontmanager.so
7ed75000-7ed79000 rw-p 00000000 00:00 0 
7ed79000-7ed7c000 ---p 00000000 00:00 0 
7ed7c000-7edca000 rw-p 00000000 00:00 0          [stack:20737]
7edca000-7edcd000 ---p 00000000 00:00 0 
7edcd000-7ee1b000 rw-p 00000000 00:00 0          [stack:20736]
7ee1b000-7ef4b000 r-xp 00000000 08:01 2757821    /usr/lib/i386-linux-gnu/libX11.so.6.3.0
7ef4b000-7ef4c000 r--p 00130000 08:01 2757821    /usr/lib/i386-linux-gnu/libX11.so.6.3.0
7ef4c000-7ef4e000 rw-p 00131000 08:01 2757821    /usr/lib/i386-linux-gnu/libX11.so.6.3.0
7ef4e000-7ef4f000 rw-p 00000000 00:00 0 
7ef4f000-7efd5000 r-xp 00000000 08:01 2895460    /usr/lib/jvm/java-7-oracle/jre/lib/i386/libawt.so
7efd5000-7efdc000 rw-p 00086000 08:01 2895460    /usr/lib/jvm/java-7-oracle/jre/lib/i386/libawt.so
7efdc000-7f000000 rw-p 00000000 00:00 0 
7f000000-7f0ec000 rw-p 00000000 00:00 0 
7f0ec000-7f100000 ---p 00000000 00:00 0 
7f103000-7f10b000 r--s 00000000 08:01 678065     /var/cache/fontconfig/945677eb7aeaf62f1d50efc3fb3ec7d8-le32d4.cache-4
7f10b000-7f120000 r-xp 00000000 08:01 2895456    /usr/lib/jvm/java-7-oracle/jre/lib/i386/libnet.so
7f120000-7f121000 rw-p 00015000 08:01 2895456    /usr/lib/jvm/java-7-oracle/jre/lib/i386/libnet.so
7f121000-7f13d000 r-xp 00000000 08:01 3015671    /lib/i386-linux-gnu/libgcc_s.so.1
7f13d000-7f13e000 rw-p 0001b000 08:01 3015671    /lib/i386-linux-gnu/libgcc_s.so.1
7f13e000-7f187000 r-xp 00000000 08:01 2895415    /usr/lib/jvm/java-7-oracle/jre/lib/i386/xawt/libmawt.so
7f187000-7f189000 rw-p 00049000 08:01 2895415    /usr/lib/jvm/java-7-oracle/jre/lib/i386/xawt/libmawt.so
7f189000-7f18a000 rw-p 00000000 00:00 0 
7f18a000-7f18b000 ---p 00000000 00:00 0 
7f18b000-7f20b000 rw-p 00000000 00:00 0          [stack:20735]
7f20b000-7f20e000 ---p 00000000 00:00 0 
7f20e000-7f25c000 rw-p 00000000 00:00 0          [stack:20734]
7f25c000-7f25f000 ---p 00000000 00:00 0 
7f25f000-7f2dd000 rw-p 00000000 00:00 0          [stack:20733]
7f2dd000-7f2e0000 ---p 00000000 00:00 0 
7f2e0000-7f35e000 rw-p 00000000 00:00 0          [stack:20732]
7f35e000-7f361000 ---p 00000000 00:00 0 
7f361000-7f3af000 rw-p 00000000 00:00 0          [stack:20731]
7f3af000-7f5af000 r--p 00000000 08:01 2761262    /usr/lib/locale/locale-archive
7f5af000-7f5b2000 ---p 00000000 00:00 0 
7f5b2000-7f600000 rw-p 00000000 00:00 0          [stack:20730]
7f600000-7f6f4000 rw-p 00000000 00:00 0 
7f6f4000-7f700000 ---p 00000000 00:00 0 
7f700000-7f721000 rw-p 00000000 00:00 0 
7f721000-7f800000 ---p 00000000 00:00 0 
7f800000-7f8fd000 rw-p 00000000 00:00 0 
7f8fd000-7f900000 ---p 00000000 00:00 0 
7f902000-7f906000 r--s 00000000 08:01 678051     /var/cache/fontconfig/2cd17615ca594fa2959ae173292e504c-le32d4.cache-4
7f906000-7f90b000 r--s 00000000 08:01 678068     /var/cache/fontconfig/a755afe4a08bf5b97852ceb7400b47bc-le32d4.cache-4
7f90b000-7f90c000 ---p 00000000 00:00 0 
7f90c000-7f98c000 rw-p 00000000 00:00 0          [stack:20728]
7f98c000-7fb4c000 r--s 039fb000 08:01 2894774    /usr/lib/jvm/java-7-oracle/jre/lib/rt.jar
7fb4c000-81700000 rw-p 00000000 00:00 0 
81700000-81786000 rw-p 00000000 00:00 0 
81786000-81800000 ---p 00000000 00:00 0 
81802000-81803000 r--s 00000000 08:01 678071     /var/cache/fontconfig/c05880de57d1f5e948fdfacc138775d9-le32d4.cache-4
81803000-81804000 r--s 00000000 08:01 678081     /var/cache/fontconfig/e7071f4a29fa870f4323321c154eba04-le32d4.cache-4
81804000-81807000 r--s 00000000 08:01 678054     /var/cache/fontconfig/385c0604a188198f04d133e54aba7fe7-le32d4.cache-4
81807000-8180c000 r--s 00000000 08:01 678052     /var/cache/fontconfig/3047814df9a2f067bd2d96a2b9c36e5a-le32d4.cache-4
8180c000-8182c000 r-xp 00000000 08:01 2758889    /usr/lib/i386-linux-gnu/libxcb.so.1.1.0
8182c000-8182d000 r--p 0001f000 08:01 2758889    /usr/lib/i386-linux-gnu/libxcb.so.1.1.0
8182d000-8182e000 rw-p 00020000 08:01 2758889    /usr/lib/i386-linux-gnu/libxcb.so.1.1.0
8182e000-81831000 ---p 00000000 00:00 0 
81831000-8187f000 rw-p 00000000 00:00 0          [stack:20729]
8187f000-81880000 ---p 00000000 00:00 0 
81880000-81900000 rw-p 00000000 00:00 0          [stack:20727]
81900000-81921000 rw-p 00000000 00:00 0 
81921000-81a00000 ---p 00000000 00:00 0 
81a00000-81a01000 r--s 00000000 08:01 678048     /var/cache/fontconfig/0d8c3b2ac0904cb8a57a757ad11a4a08-le32d4.cache-4
81a01000-81a03000 r--s 00000000 08:01 678062     /var/cache/fontconfig/767a8244fc0220cfb567a839d0392e0b-le32d4.cache-4
81a03000-81a0a000 r--s 00000000 08:01 678055     /var/cache/fontconfig/3f7329c5293ffd510edef78f73874cfd-le32d4.cache-4
81a0a000-81a0e000 r-xp 00000000 08:01 2757840    /usr/lib/i386-linux-gnu/libXfixes.so.3.1.0
81a0e000-81a0f000 r--p 00003000 08:01 2757840    /usr/lib/i386-linux-gnu/libXfixes.so.3.1.0
81a0f000-81a10000 rw-p 00004000 08:01 2757840    /usr/lib/i386-linux-gnu/libXfixes.so.3.1.0
81a10000-81a1f000 r-xp 00000000 08:01 2757846    /usr/lib/i386-linux-gnu/libXi.so.6.1.0
81a1f000-81a20000 r--p 0000e000 08:01 2757846    /usr/lib/i386-linux-gnu/libXi.so.6.1.0
81a20000-81a21000 rw-p 0000f000 08:01 2757846    /usr/lib/i386-linux-gnu/libXi.so.6.1.0
81a21000-81a32000 r-xp 00000000 08:01 2757838    /usr/lib/i386-linux-gnu/libXext.so.6.4.0
81a32000-81a33000 r--p 00010000 08:01 2757838    /usr/lib/i386-linux-gnu/libXext.so.6.4.0
81a33000-81a34000 rw-p 00011000 08:01 2757838    /usr/lib/i386-linux-gnu/libXext.so.6.4.0
81a34000-81a7f000 rw-p 00000000 00:00 0 
81a7f000-81a80000 ---p 00000000 00:00 0 
81a80000-81b00000 rw-p 00000000 00:00 0          [stack:20726]
81b00000-81b21000 rw-p 00000000 00:00 0 
81b21000-81c00000 ---p 00000000 00:00 0 
81c00000-81c04000 r--s 00000000 08:01 678064     /var/cache/fontconfig/8801497958630a81b71ace7c5f9b32a8-le32d4.cache-4
81c04000-81c0d000 r-xp 00000000 08:01 2757832    /usr/lib/i386-linux-gnu/libXcursor.so.1.0.2
81c0d000-81c0e000 r--p 00008000 08:01 2757832    /usr/lib/i386-linux-gnu/libXcursor.so.1.0.2
81c0e000-81c0f000 rw-p 00009000 08:01 2757832    /usr/lib/i386-linux-gnu/libXcursor.so.1.0.2
81c0f000-81c10000 r--s 00000000 08:01 678050     /var/cache/fontconfig/1ac9eb803944fde146138c791f5cc56a-le32d4.cache-4
81c10000-81c14000 r--s 00000000 08:01 678069     /var/cache/fontconfig/b47c4e1ecd0709278f4910c18777a504-le32d4.cache-4
81c14000-81c17000 r--s 00000000 08:01 678076     /var/cache/fontconfig/d589a48862398ed80a3d6066f4f56f4c-le32d4.cache-4
81c17000-81c21000 r--s 00000000 08:01 679639     /var/cache/fontconfig/e13b20fdb08344e0e664864cc2ede53d-le32d4.cache-4
81c21000-81c24000 r--s 00000000 08:01 656941     /var/cache/fontconfig/7ef2298fde41cc6eeb7af42e48b7d293-le32d4.cache-4
81c24000-81c7f000 rw-p 00000000 00:00 0 
81c7f000-81c80000 ---p 00000000 00:00 0 
81c80000-81d00000 rw-p 00000000 00:00 0          [stack:20725]
81d00000-81d21000 rw-p 00000000 00:00 0 
81d21000-81e00000 ---p 00000000 00:00 0 
81e00000-81e01000 r--s 00000000 08:01 678078     /var/cache/fontconfig/dc05db6664285cc2f12bf69c139ae4c3-le32d4.cache-4
81e01000-81e06000 r-xp 00000000 08:01 2757836    /usr/lib/i386-linux-gnu/libXdmcp.so.6.0.0
81e06000-81e07000 r--p 00004000 08:01 2757836    /usr/lib/i386-linux-gnu/libXdmcp.so.6.0.0
81e07000-81e08000 rw-p 00005000 08:01 2757836    /usr/lib/i386-linux-gnu/libXdmcp.so.6.0.0
81e08000-81e0d000 r-xp 00000000 08:01 2757866    /usr/lib/i386-linux-gnu/libXtst.so.6.1.0
81e0d000-81e0e000 r--p 00004000 08:01 2757866    /usr/lib/i386-linux-gnu/libXtst.so.6.1.0
81e0e000-81e0f000 rw-p 00005000 08:01 2757866    /usr/lib/i386-linux-gnu/libXtst.so.6.1.0
81e0f000-81e22000 rw-p 00000000 00:00 0 
81e22000-81e23000 ---p 00000000 00:00 0 
81e23000-81eab000 rw-p 00000000 00:00 0          [stack:20724]
81eab000-81ec3000 rw-p 00000000 00:00 0 
81ec3000-81ed2000 rw-p 00000000 00:00 0 
81ed2000-81fb5000 rw-p 00000000 00:00 0 
81fb5000-81fbd000 rw-p 00000000 00:00 0 
81fbd000-81fd5000 rw-p 00000000 00:00 0 
81fd5000-81fe4000 rw-p 00000000 00:00 0 
81fe4000-820c6000 rw-p 00000000 00:00 0 
820c6000-820ce000 rw-p 00000000 00:00 0 
820ce000-8213f000 rw-p 00000000 00:00 0 
8213f000-83140000 rw-p 00000000 00:00 0 
83140000-86140000 rw-p 00000000 00:00 0 
86140000-87f40000 rw-p 00000000 00:00 0 
a41a2000-a5300000 rw-p 00000000 00:00 0 
a5300000-b3540000 rw-p 00000000 00:00 0 
b3540000-b3549000 rw-p 00000000 00:00 0 
b3549000-b3600000 rw-p 00000000 00:00 0 
b3600000-b3840000 rwxp 00000000 00:00 0 
b3840000-b66f5000 rw-p 00000000 00:00 0 
b66f5000-b6700000 ---p 00000000 00:00 0 
b6700000-b6717000 r-xp 00000000 08:01 2895457    /usr/lib/jvm/java-7-oracle/jre/lib/i386/libzip.so
b6717000-b6718000 rw-p 00016000 08:01 2895457    /usr/lib/jvm/java-7-oracle/jre/lib/i386/libzip.so
b6718000-b6723000 r-xp 00000000 08:01 3015719    /lib/i386-linux-gnu/libnss_files-2.19.so
b6723000-b6724000 r--p 0000a000 08:01 3015719    /lib/i386-linux-gnu/libnss_files-2.19.so
b6724000-b6725000 rw-p 0000b000 08:01 3015719    /lib/i386-linux-gnu/libnss_files-2.19.so
b6725000-b672f000 r-xp 00000000 08:01 3015729    /lib/i386-linux-gnu/libnss_nis-2.19.so
b672f000-b6730000 r--p 00009000 08:01 3015729    /lib/i386-linux-gnu/libnss_nis-2.19.so
b6730000-b6731000 rw-p 0000a000 08:01 3015729    /lib/i386-linux-gnu/libnss_nis-2.19.so
b6731000-b6746000 r-xp 00000000 08:01 3015713    /lib/i386-linux-gnu/libnsl-2.19.so
b6746000-b6747000 r--p 00015000 08:01 3015713    /lib/i386-linux-gnu/libnsl-2.19.so
b6747000-b6748000 rw-p 00016000 08:01 3015713    /lib/i386-linux-gnu/libnsl-2.19.so
b6748000-b674a000 rw-p 00000000 00:00 0 
b674a000-b6751000 r-xp 00000000 08:01 3015715    /lib/i386-linux-gnu/libnss_compat-2.19.so
b6751000-b6752000 r--p 00006000 08:01 3015715    /lib/i386-linux-gnu/libnss_compat-2.19.so
b6752000-b6753000 rw-p 00007000 08:01 3015715    /lib/i386-linux-gnu/libnss_compat-2.19.so
b6753000-b6754000 r--s 00000000 08:01 678056     /var/cache/fontconfig/4794a0821666d79190d59a36cb4f44b5-le32d4.cache-4
b6754000-b6755000 r--s 00000000 08:01 678058     /var/cache/fontconfig/56cf4f4769d0f4abc89a4895d7bd3ae1-le32d4.cache-4
b6755000-b675e000 r-xp 00000000 08:01 2757860    /usr/lib/i386-linux-gnu/libXrender.so.1.3.0
b675e000-b675f000 r--p 00008000 08:01 2757860    /usr/lib/i386-linux-gnu/libXrender.so.1.3.0
b675f000-b6760000 rw-p 00009000 08:01 2757860    /usr/lib/i386-linux-gnu/libXrender.so.1.3.0
b6760000-b6768000 rw-s 00000000 08:01 821024     /tmp/hsperfdata_mabian/20719
b6768000-b678b000 r-xp 00000000 08:01 2895405    /usr/lib/jvm/java-7-oracle/jre/lib/i386/libjava.so
b678b000-b678c000 rw-p 00023000 08:01 2895405    /usr/lib/jvm/java-7-oracle/jre/lib/i386/libjava.so
b678c000-b6793000 r-xp 00000000 08:01 3015772    /lib/i386-linux-gnu/librt-2.19.so
b6793000-b6794000 r--p 00006000 08:01 3015772    /lib/i386-linux-gnu/librt-2.19.so
b6794000-b6795000 rw-p 00007000 08:01 3015772    /lib/i386-linux-gnu/librt-2.19.so
b6795000-b6798000 ---p 00000000 00:00 0 
b6798000-b67e6000 rw-p 00000000 00:00 0          [stack:20723]
b67e6000-b682a000 r-xp 00000000 08:01 3015694    /lib/i386-linux-gnu/libm-2.19.so
b682a000-b682b000 r--p 00043000 08:01 3015694    /lib/i386-linux-gnu/libm-2.19.so
b682b000-b682c000 rw-p 00044000 08:01 3015694    /lib/i386-linux-gnu/libm-2.19.so
b682c000-b70b3000 r-xp 00000000 08:01 2895436    /usr/lib/jvm/java-7-oracle/jre/lib/i386/server/libjvm.so
b70b3000-b7117000 rw-p 00886000 08:01 2895436    /usr/lib/jvm/java-7-oracle/jre/lib/i386/server/libjvm.so
b7117000-b753b000 rw-p 00000000 00:00 0 
b753b000-b76e4000 r-xp 00000000 08:01 3015644    /lib/i386-linux-gnu/libc-2.19.so
b76e4000-b76e6000 r--p 001a9000 08:01 3015644    /lib/i386-linux-gnu/libc-2.19.so
b76e6000-b76e7000 rw-p 001ab000 08:01 3015644    /lib/i386-linux-gnu/libc-2.19.so
b76e7000-b76ea000 rw-p 00000000 00:00 0 
b76ea000-b76ed000 r-xp 00000000 08:01 3015661    /lib/i386-linux-gnu/libdl-2.19.so
b76ed000-b76ee000 r--p 00002000 08:01 3015661    /lib/i386-linux-gnu/libdl-2.19.so
b76ee000-b76ef000 rw-p 00003000 08:01 3015661    /lib/i386-linux-gnu/libdl-2.19.so
b76ef000-b7703000 r-xp 00000000 08:01 2894629    /usr/lib/jvm/java-7-oracle/lib/i386/jli/libjli.so
b7703000-b7704000 rw-p 00013000 08:01 2894629    /usr/lib/jvm/java-7-oracle/lib/i386/jli/libjli.so
b7704000-b7705000 rw-p 00000000 00:00 0 
b7705000-b771d000 r-xp 00000000 08:01 3015764    /lib/i386-linux-gnu/libpthread-2.19.so
b771d000-b771e000 r--p 00017000 08:01 3015764    /lib/i386-linux-gnu/libpthread-2.19.so
b771e000-b771f000 rw-p 00018000 08:01 3015764    /lib/i386-linux-gnu/libpthread-2.19.so
b771f000-b7721000 rw-p 00000000 00:00 0 
b7721000-b7722000 r--s 00000000 08:01 678070     /var/cache/fontconfig/b9d506c9ac06c20b433354fa67a72993-le32d4.cache-4
b7722000-b7723000 r--s 00000000 08:01 678047     /var/cache/fontconfig/0c9eb80ebd1c36541ebe2852d3bb0c49-le32d4.cache-4
b7723000-b7725000 r-xp 00000000 08:01 2757825    /usr/lib/i386-linux-gnu/libXau.so.6.0.0
b7725000-b7726000 r--p 00001000 08:01 2757825    /usr/lib/i386-linux-gnu/libXau.so.6.0.0
b7726000-b7727000 rw-p 00002000 08:01 2757825    /usr/lib/i386-linux-gnu/libXau.so.6.0.0
b7727000-b7728000 r--p 00855000 08:01 2761262    /usr/lib/locale/locale-archive
b7728000-b7729000 rw-p 00000000 00:00 0 
b7729000-b772a000 r--p 00000000 00:00 0 
b772a000-b7735000 r-xp 00000000 08:01 2895424    /usr/lib/jvm/java-7-oracle/jre/lib/i386/libverify.so
b7735000-b7736000 rw-p 0000b000 08:01 2895424    /usr/lib/jvm/java-7-oracle/jre/lib/i386/libverify.so
b7736000-b7738000 rw-p 00000000 00:00 0 
b7738000-b7739000 r-xp 00000000 00:00 0          [vdso]
b7739000-b7759000 r-xp 00000000 08:01 3015620    /lib/i386-linux-gnu/ld-2.19.so
b7759000-b775a000 r--p 0001f000 08:01 3015620    /lib/i386-linux-gnu/ld-2.19.so
b775a000-b775b000 rw-p 00020000 08:01 3015620    /lib/i386-linux-gnu/ld-2.19.so
bfb41000-bfb42000 rwxp 00000000 00:00 0 
bfb74000-bfb95000 rw-p 00000000 00:00 0          [stack]

VM Arguments:
jvm_args: -Dfile.encoding=UTF-8 
java_command: KerawaAds.Ads
Launcher Type: SUN_STANDARD

Environment Variables:
PATH=/usr/local/sbin:/usr/local/bin:/usr/sbin:/usr/bin:/sbin:/bin:/usr/games:/usr/local/games
LD_LIBRARY_PATH=/usr/lib/jvm/java-7-oracle/jre/lib/amd64:/usr/lib/jvm/java-7-oracle/jre/lib/i386:
SHELL=/bin/bash
DISPLAY=:0

Signal Handlers:
SIGSEGV: [libjvm.so+0x7eb160], sa_mask[0]=0x7ffbfeff, sa_flags=0x10000004
SIGBUS: [libjvm.so+0x7eb160], sa_mask[0]=0x7ffbfeff, sa_flags=0x10000004
SIGFPE: [libjvm.so+0x684ac0], sa_mask[0]=0x7ffbfeff, sa_flags=0x10000004
SIGPIPE: [libjvm.so+0x684ac0], sa_mask[0]=0x7ffbfeff, sa_flags=0x10000004
SIGXFSZ: [libjvm.so+0x684ac0], sa_mask[0]=0x7ffbfeff, sa_flags=0x10000004
SIGILL: [libjvm.so+0x684ac0], sa_mask[0]=0x7ffbfeff, sa_flags=0x10000004
SIGUSR1: SIG_DFL, sa_mask[0]=0x00000000, sa_flags=0x00000000
SIGUSR2: [libjvm.so+0x686330], sa_mask[0]=0x00000004, sa_flags=0x10000004
SIGHUP: [libjvm.so+0x687660], sa_mask[0]=0x7ffbfeff, sa_flags=0x10000004
SIGINT: SIG_IGN, sa_mask[0]=0x00000000, sa_flags=0x00000000
SIGTERM: [libjvm.so+0x687660], sa_mask[0]=0x7ffbfeff, sa_flags=0x10000004
SIGQUIT: [libjvm.so+0x687660], sa_mask[0]=0x7ffbfeff, sa_flags=0x10000004


---------------  S Y S T E M  ---------------

OS:jessie/sid

uname:Linux 3.13.0-24-generic #46-Ubuntu SMP Thu Apr 10 19:08:14 UTC 2014 i686
libc:glibc 2.19 NPTL 2.19 
rlimit: STACK 8192k, CORE 0k, NPROC 22979, NOFILE 4096, AS infinity
load average:0.40 0.49 0.62

/proc/meminfo:
MemTotal:        2960472 kB
MemFree:          222692 kB
Buffers:          206224 kB
Cached:           532096 kB
SwapCached:            0 kB
Active:          2053148 kB
Inactive:         569544 kB
Active(anon):    1887676 kB
Inactive(anon):   339308 kB
Active(file):     165472 kB
Inactive(file):   230236 kB
Unevictable:          48 kB
Mlocked:              48 kB
HighTotal:       2088900 kB
HighFree:          52240 kB
LowTotal:         871572 kB
LowFree:          170452 kB
SwapTotal:             0 kB
SwapFree:              0 kB
Dirty:               244 kB
Writeback:             0 kB
AnonPages:       1884700 kB
Mapped:           137776 kB
Shmem:            342368 kB
Slab:              48028 kB
SReclaimable:      25704 kB
SUnreclaim:        22324 kB
KernelStack:        4440 kB
PageTables:        12996 kB
NFS_Unstable:          0 kB
Bounce:                0 kB
WritebackTmp:          0 kB
CommitLimit:     1480236 kB
Committed_AS:    5287780 kB
VmallocTotal:     122880 kB
VmallocUsed:       18744 kB
VmallocChunk:      90396 kB
HardwareCorrupted:     0 kB
AnonHugePages:    708608 kB
HugePages_Total:       0
HugePages_Free:        0
HugePages_Rsvd:        0
HugePages_Surp:        0
Hugepagesize:       2048 kB
DirectMap4k:       38904 kB
DirectMap2M:      874496 kB


CPU:total 4 (2 cores per cpu, 2 threads per core) family 6 model 37 stepping 2, cmov, cx8, fxsr, mmx, sse, sse2, sse3, ssse3, sse4.1, sse4.2, popcnt, ht, tsc, tscinvbit

/proc/cpuinfo:
processor	: 0
vendor_id	: GenuineIntel
cpu family	: 6
model		: 37
model name	: Intel(R) Core(TM) i3 CPU       M 330  @ 2.13GHz
stepping	: 2
microcode	: 0x9
cpu MHz		: 2133.000
cache size	: 3072 KB
physical id	: 0
siblings	: 4
core id		: 0
cpu cores	: 2
apicid		: 0
initial apicid	: 0
fdiv_bug	: no
f00f_bug	: no
coma_bug	: no
fpu		: yes
fpu_exception	: yes
cpuid level	: 11
wp		: yes
flags		: fpu vme de pse tsc msr pae mce cx8 apic sep mtrr pge mca cmov pat pse36 clflush dts acpi mmx fxsr sse sse2 ss ht tm pbe nx rdtscp lm constant_tsc arch_perfmon pebs bts xtopology nonstop_tsc aperfmperf pni dtes64 monitor ds_cpl vmx est tm2 ssse3 cx16 xtpr pdcm sse4_1 sse4_2 popcnt lahf_lm arat dtherm tpr_shadow vnmi flexpriority ept vpid
bogomips	: 4255.53
clflush size	: 64
cache_alignment	: 64
address sizes	: 36 bits physical, 48 bits virtual
power management:

processor	: 1
vendor_id	: GenuineIntel
cpu family	: 6
model		: 37
model name	: Intel(R) Core(TM) i3 CPU       M 330  @ 2.13GHz
stepping	: 2
microcode	: 0x9
cpu MHz		: 1066.000
cache size	: 3072 KB
physical id	: 0
siblings	: 4
core id		: 2
cpu cores	: 2
apicid		: 4
initial apicid	: 4
fdiv_bug	: no
f00f_bug	: no
coma_bug	: no
fpu		: yes
fpu_exception	: yes
cpuid level	: 11
wp		: yes
flags		: fpu vme de pse tsc msr pae mce cx8 apic sep mtrr pge mca cmov pat pse36 clflush dts acpi mmx fxsr sse sse2 ss ht tm pbe nx rdtscp lm constant_tsc arch_perfmon pebs bts xtopology nonstop_tsc aperfmperf pni dtes64 monitor ds_cpl vmx est tm2 ssse3 cx16 xtpr pdcm sse4_1 sse4_2 popcnt lahf_lm arat dtherm tpr_shadow vnmi flexpriority ept vpid
bogomips	: 4255.53
clflush size	: 64
cache_alignment	: 64
address sizes	: 36 bits physical, 48 bits virtual
power management:

processor	: 2
vendor_id	: GenuineIntel
cpu family	: 6
model		: 37
model name	: Intel(R) Core(TM) i3 CPU       M 330  @ 2.13GHz
stepping	: 2
microcode	: 0x9
cpu MHz		: 933.000
cache size	: 3072 KB
physical id	: 0
siblings	: 4
core id		: 0
cpu cores	: 2
apicid		: 1
initial apicid	: 1
fdiv_bug	: no
f00f_bug	: no
coma_bug	: no
fpu		: yes
fpu_exception	: yes
cpuid level	: 11
wp		: yes
flags		: fpu vme de pse tsc msr pae mce cx8 apic sep mtrr pge mca cmov pat pse36 clflush dts acpi mmx fxsr sse sse2 ss ht tm pbe nx rdtscp lm constant_tsc arch_perfmon pebs bts xtopology nonstop_tsc aperfmperf pni dtes64 monitor ds_cpl vmx est tm2 ssse3 cx16 xtpr pdcm sse4_1 sse4_2 popcnt lahf_lm arat dtherm tpr_shadow vnmi flexpriority ept vpid
bogomips	: 4255.53
clflush size	: 64
cache_alignment	: 64
address sizes	: 36 bits physical, 48 bits virtual
power management:

processor	: 3
vendor_id	: GenuineIntel
cpu family	: 6
model		: 37
model name	: Intel(R) Core(TM) i3 CPU       M 330  @ 2.13GHz
stepping	: 2
microcode	: 0x9
cpu MHz		: 933.000
cache size	: 3072 KB
physical id	: 0
siblings	: 4
core id		: 2
cpu cores	: 2
apicid		: 5
initial apicid	: 5
fdiv_bug	: no
f00f_bug	: no
coma_bug	: no
fpu		: yes
fpu_exception	: yes
cpuid level	: 11
wp		: yes
flags		: fpu vme de pse tsc msr pae mce cx8 apic sep mtrr pge mca cmov pat pse36 clflush dts acpi mmx fxsr sse sse2 ss ht tm pbe nx rdtscp lm constant_tsc arch_perfmon pebs bts xtopology nonstop_tsc aperfmperf pni dtes64 monitor ds_cpl vmx est tm2 ssse3 cx16 xtpr pdcm sse4_1 sse4_2 popcnt lahf_lm arat dtherm tpr_shadow vnmi flexpriority ept vpid
bogomips	: 4255.53
clflush size	: 64
cache_alignment	: 64
address sizes	: 36 bits physical, 48 bits virtual
power management:



Memory: 4k page, physical 2960472k(222692k free), swap 0k(0k free)

vm_info: Java HotSpot(TM) Server VM (24.80-b11) for linux-x86 JRE (1.7.0_80-b15), built on Apr 10 2015 12:29:10 by "java_re" with gcc 4.3.0 20080428 (Red Hat 4.3.0-8)

time: Tue Jan 26 17:32:03 2016
elapsed time: 1 seconds

